[2025-11-27 01:45:21] 开始收集黄金价格数据...
[2025-11-27 01:45:21] 价格: 7198PRICE USD
[2025-11-27 01:48:09] 开始收集黄金价格数据...
[2025-11-27 01:48:09] 价格: 7213PRICE USD
[2025-11-27 01:52:53] Starting gold price data collection...
[2025-11-27 01:52:53] Price: 1950.75 USD
[2025-11-27 01:52:57] Starting gold price data collection...
[2025-11-27 01:52:57] Price: 1950.75 USD
[2025-11-27 01:58:24] Starting gold price data collection...
[2025-11-27 01:58:24] Price: 1950.75 USD
[2025-11-30 18:14:47] Starting gold price data collection...
[2025-11-30 18:14:47] Price: 1950.75 USD
[2025-11-30 18:16:41] Starting gold price data collection...
[2025-11-30 18:16:41] Price: 1950.75 USD
[2025-11-30 18:20:22] Starting gold price data collection...
API failed, using fallback price
[2025-11-30 18:20:22] Price: 1950.75 USD
[2025-11-30 18:26:08] Starting data collection...
[2025-11-30 18:30:01] Starting data collection...
[2025-11-30 18:30:01] Price: 45001.00 USD
[2025-11-30 18:36:32] Starting data collection...
[2025-11-30 18:36:32] Price: 45005.00 USD
[2025-11-30 18:38:15] Starting data collection...
[2025-11-30 18:38:15] Price: 45007.00 USD
[2025-11-30 18:38:40] Starting data collection...
[2025-11-30 18:38:40] Price: 45005.00 USD
[2025-11-30 18:56:04] Starting data collection...
[2025-11-30 18:56:04] Price: 45001.00 USD
[2025-11-30 19:15:21] Starting data collection...
[2025-11-30 19:15:21] Price: 45003.00 USD
[2025-11-30 19:41:11] Starting data collection...
[2025-11-30 19:41:11] Price: 45002.00 USD
[2025-11-30 19:46:35] Starting data collection...
[2025-11-30 19:46:35] Price: 45005.00 USD
[2025-11-30 19:58:07] Starting data collection...
[2025-11-30 19:58:07] Price: 45006.00 USD
[2025-11-30 20:48:55] Starting data collection...
[2025-11-30 20:48:55] Price: 45007.00 USD
